This is pdfTeX, Version 3.14159265-2.6-1.40.20 (MiKTeX 2.9.7000) (preloaded format=pdflatex 2019.4.26)  6 MAY 2019 11:44
entering extended mode
**./log.tex
(log.tex
LaTeX2e <2018-12-01>
(/home/kidyan0000/.miktex/texmfs/install/tex/latex/beamer/beamer.cls
Document Class: beamer 2018/12/02 v3.55 A class for typesetting presentations
(/home/kidyan0000/.miktex/texmfs/install/tex/latex/beamer/beamerbasemodes.sty
(/home/kidyan0000/.miktex/texmfs/install/tex/latex/etoolbox/etoolbox.sty
Package: etoolbox 2018/08/19 v2.5f e-TeX tools for LaTeX (JAW)
\etb@tempcnta=\count80
)
\beamer@tempbox=\box27
\beamer@tempcount=\count81
\c@beamerpauses=\count82

(/home/kidyan0000/.miktex/texmfs/install/tex/latex/beamer/beamerbasedecode.sty
\beamer@slideinframe=\count83
\beamer@minimum=\count84
)
\beamer@commentbox=\box28
\beamer@modecount=\count85
) (/home/kidyan0000/.miktex/texmfs/install/tex/generic/oberdiek/ifpdf.sty
Package: ifpdf 2018/09/07 v3.3 Provides the ifpdf switch
)
\headdp=\dimen102
\footheight=\dimen103
\sidebarheight=\dimen104
\beamer@tempdim=\dimen105
\beamer@finalheight=\dimen106
\beamer@animht=\dimen107
\beamer@animdp=\dimen108
\beamer@animwd=\dimen109
\beamer@leftmargin=\dimen110
\beamer@rightmargin=\dimen111
\beamer@leftsidebar=\dimen112
\beamer@rightsidebar=\dimen113
\beamer@boxsize=\dimen114
\beamer@vboxoffset=\dimen115
\beamer@descdefault=\dimen116
\beamer@descriptionwidth=\dimen117
\beamer@lastskip=\skip41
\beamer@areabox=\box29
\beamer@animcurrent=\box30
\beamer@animshowbox=\box31
\beamer@sectionbox=\box32
\beamer@logobox=\box33
\beamer@linebox=\box34
\beamer@sectioncount=\count86
\beamer@subsubsectionmax=\count87
\beamer@subsectionmax=\count88
\beamer@sectionmax=\count89
\beamer@totalheads=\count90
\beamer@headcounter=\count91
\beamer@partstartpage=\count92
\beamer@sectionstartpage=\count93
\beamer@subsectionstartpage=\count94
\beamer@animationtempa=\count95
\beamer@animationtempb=\count96
\beamer@xpos=\count97
\beamer@ypos=\count98
\beamer@ypos@offset=\count99
\beamer@showpartnumber=\count100
\beamer@currentsubsection=\count101
\beamer@coveringdepth=\count102
\beamer@sectionadjust=\count103
\beamer@tocsectionnumber=\count104

(/home/kidyan0000/.miktex/texmfs/install/tex/latex/beamer/beamerbaseoptions.sty
(/home/kidyan0000/.miktex/texmfs/install/tex/latex/graphics/keyval.sty
Package: keyval 2014/10/28 v1.15 key=value parser (DPC)
\KV@toks@=\toks14
))
\beamer@paperwidth=\skip42
\beamer@paperheight=\skip43

(/home/kidyan0000/.miktex/texmfs/install/tex/latex/geometry/geometry.sty
Package: geometry 2018/04/16 v5.8 Page Geometry

(/home/kidyan0000/.miktex/texmfs/install/tex/generic/oberdiek/ifvtex.sty
Package: ifvtex 2016/05/16 v1.6 Detect VTeX and its facilities (HO)
Package ifvtex Info: VTeX not detected.
)
(/home/kidyan0000/.miktex/texmfs/install/tex/generic/ifxetex/ifxetex.sty
Package: ifxetex 2010/09/12 v0.6 Provides ifxetex conditional
)
\Gm@cnth=\count105
\Gm@cntv=\count106
\c@Gm@tempcnt=\count107
\Gm@bindingoffset=\dimen118
\Gm@wd@mp=\dimen119
\Gm@odd@mp=\dimen120
\Gm@even@mp=\dimen121
\Gm@layoutwidth=\dimen122
\Gm@layoutheight=\dimen123
\Gm@layouthoffset=\dimen124
\Gm@layoutvoffset=\dimen125
\Gm@dimlist=\toks15

(/home/kidyan0000/.miktex/texmfs/install/tex/latex/geometry/geometry.cfg))
(/home/kidyan0000/.miktex/texmfs/install/tex/latex/base/size11.clo
File: size11.clo 2018/09/03 v1.4i Standard LaTeX file (size option)
)
(/home/kidyan0000/.miktex/texmfs/install/tex/latex/pgf/basiclayer/pgfcore.sty
(/home/kidyan0000/.miktex/texmfs/install/tex/latex/graphics/graphicx.sty
Package: graphicx 2017/06/01 v1.1a Enhanced LaTeX Graphics (DPC,SPQR)

(/home/kidyan0000/.miktex/texmfs/install/tex/latex/graphics/graphics.sty
Package: graphics 2017/06/25 v1.2c Standard LaTeX Graphics (DPC,SPQR)

(/home/kidyan0000/.miktex/texmfs/install/tex/latex/graphics/trig.sty
Package: trig 2016/01/03 v1.10 sin cos tan (DPC)
)
(/home/kidyan0000/.miktex/texmfs/install/tex/latex/graphics-cfg/graphics.cfg
File: graphics.cfg 2016/06/04 v1.11 sample graphics configuration
)
Package graphics Info: Driver file: pdftex.def on input line 99.

(/home/kidyan0000/.miktex/texmfs/install/tex/latex/graphics-def/pdftex.def
File: pdftex.def 2018/01/08 v1.0l Graphics/color driver for pdftex
))
\Gin@req@height=\dimen126
\Gin@req@width=\dimen127
)
(/home/kidyan0000/.miktex/texmfs/install/tex/latex/pgf/systemlayer/pgfsys.sty
(/home/kidyan0000/.miktex/texmfs/install/tex/latex/pgf/utilities/pgfrcs.sty
(/home/kidyan0000/.miktex/texmfs/install/tex/generic/pgf/utilities/pgfutil-comm
on.tex
\pgfutil@everybye=\toks16
\pgfutil@tempdima=\dimen128
\pgfutil@tempdimb=\dimen129

(/home/kidyan0000/.miktex/texmfs/install/tex/generic/pgf/utilities/pgfutil-comm
on-lists.tex))
(/home/kidyan0000/.miktex/texmfs/install/tex/generic/pgf/utilities/pgfutil-late
x.def
\pgfutil@abb=\box35
 (/home/kidyan0000/.miktex/texmfs/install/tex/latex/ms/everyshi.sty
Package: everyshi 2001/05/15 v3.00 EveryShipout Package (MS)
))
(/home/kidyan0000/.miktex/texmfs/install/tex/generic/pgf/utilities/pgfrcs.code.
tex (/home/kidyan0000/.miktex/texmfs/install/tex/generic/pgf/pgf.revision.tex)
Package: pgfrcs 2019/04/04 v3.1.2 (3.1.2)
))
(/home/kidyan0000/.miktex/texmfs/install/tex/generic/pgf/systemlayer/pgfsys.cod
e.tex
Package: pgfsys 2019/04/04 v3.1.2 (3.1.2)

(/home/kidyan0000/.miktex/texmfs/install/tex/generic/pgf/utilities/pgfkeys.code
.tex
\pgfkeys@pathtoks=\toks17
\pgfkeys@temptoks=\toks18

(/home/kidyan0000/.miktex/texmfs/install/tex/generic/pgf/utilities/pgfkeysfilte
red.code.tex
\pgfkeys@tmptoks=\toks19
))
\pgf@x=\dimen130
\pgf@y=\dimen131
\pgf@xa=\dimen132
\pgf@ya=\dimen133
\pgf@xb=\dimen134
\pgf@yb=\dimen135
\pgf@xc=\dimen136
\pgf@yc=\dimen137
\w@pgf@writea=\write3
\r@pgf@reada=\read1
\c@pgf@counta=\count108
\c@pgf@countb=\count109
\c@pgf@countc=\count110
\c@pgf@countd=\count111
\t@pgf@toka=\toks20
\t@pgf@tokb=\toks21
\t@pgf@tokc=\toks22
\pgf@sys@id@count=\count112

(/home/kidyan0000/.miktex/texmfs/install/tex/generic/pgf/systemlayer/pgf.cfg
File: pgf.cfg 2019/04/04 v3.1.2 (3.1.2)
)
Driver file for pgf: pgfsys-pdftex.def

(/home/kidyan0000/.miktex/texmfs/install/tex/generic/pgf/systemlayer/pgfsys-pdf
tex.def
File: pgfsys-pdftex.def 2019/04/04 v3.1.2 (3.1.2)

(/home/kidyan0000/.miktex/texmfs/install/tex/generic/pgf/systemlayer/pgfsys-com
mon-pdf.def
File: pgfsys-common-pdf.def 2019/04/04 v3.1.2 (3.1.2)
)))
(/home/kidyan0000/.miktex/texmfs/install/tex/generic/pgf/systemlayer/pgfsyssoft
path.code.tex
File: pgfsyssoftpath.code.tex 2019/04/04 v3.1.2 (3.1.2)
\pgfsyssoftpath@smallbuffer@items=\count113
\pgfsyssoftpath@bigbuffer@items=\count114
)
(/home/kidyan0000/.miktex/texmfs/install/tex/generic/pgf/systemlayer/pgfsysprot
ocol.code.tex
File: pgfsysprotocol.code.tex 2019/04/04 v3.1.2 (3.1.2)
))
(/home/kidyan0000/.miktex/texmfs/install/tex/latex/xcolor/xcolor.sty
Package: xcolor 2016/05/11 v2.12 LaTeX color extensions (UK)

(/home/kidyan0000/.miktex/texmfs/install/tex/latex/graphics-cfg/color.cfg
File: color.cfg 2016/01/02 v1.6 sample color configuration
)
Package xcolor Info: Driver file: pdftex.def on input line 225.
Package xcolor Info: Model `cmy' substituted by `cmy0' on input line 1348.
Package xcolor Info: Model `hsb' substituted by `rgb' on input line 1352.
Package xcolor Info: Model `RGB' extended on input line 1364.
Package xcolor Info: Model `HTML' substituted by `rgb' on input line 1366.
Package xcolor Info: Model `Hsb' substituted by `hsb' on input line 1367.
Package xcolor Info: Model `tHsb' substituted by `hsb' on input line 1368.
Package xcolor Info: Model `HSB' substituted by `hsb' on input line 1369.
Package xcolor Info: Model `Gray' substituted by `gray' on input line 1370.
Package xcolor Info: Model `wave' substituted by `hsb' on input line 1371.
)
(/home/kidyan0000/.miktex/texmfs/install/tex/generic/pgf/basiclayer/pgfcore.cod
e.tex
Package: pgfcore 2019/04/04 v3.1.2 (3.1.2)

(/home/kidyan0000/.miktex/texmfs/install/tex/generic/pgf/math/pgfmath.code.tex
(/home/kidyan0000/.miktex/texmfs/install/tex/generic/pgf/math/pgfmathcalc.code.
tex
(/home/kidyan0000/.miktex/texmfs/install/tex/generic/pgf/math/pgfmathutil.code.
tex)
(/home/kidyan0000/.miktex/texmfs/install/tex/generic/pgf/math/pgfmathparser.cod
e.tex
\pgfmath@dimen=\dimen138
\pgfmath@count=\count115
\pgfmath@box=\box36
\pgfmath@toks=\toks23
\pgfmath@stack@operand=\toks24
\pgfmath@stack@operation=\toks25
)
(/home/kidyan0000/.miktex/texmfs/install/tex/generic/pgf/math/pgfmathfunctions.
code.tex
(/home/kidyan0000/.miktex/texmfs/install/tex/generic/pgf/math/pgfmathfunctions.
basic.code.tex)
(/home/kidyan0000/.miktex/texmfs/install/tex/generic/pgf/math/pgfmathfunctions.
trigonometric.code.tex)
(/home/kidyan0000/.miktex/texmfs/install/tex/generic/pgf/math/pgfmathfunctions.
random.code.tex)
(/home/kidyan0000/.miktex/texmfs/install/tex/generic/pgf/math/pgfmathfunctions.
comparison.code.tex)
(/home/kidyan0000/.miktex/texmfs/install/tex/generic/pgf/math/pgfmathfunctions.
base.code.tex)
(/home/kidyan0000/.miktex/texmfs/install/tex/generic/pgf/math/pgfmathfunctions.
round.code.tex)
(/home/kidyan0000/.miktex/texmfs/install/tex/generic/pgf/math/pgfmathfunctions.
misc.code.tex)
(/home/kidyan0000/.miktex/texmfs/install/tex/generic/pgf/math/pgfmathfunctions.
integerarithmetics.code.tex)))
(/home/kidyan0000/.miktex/texmfs/install/tex/generic/pgf/math/pgfmathfloat.code
.tex
\c@pgfmathroundto@lastzeros=\count116
))
(/home/kidyan0000/.miktex/texmfs/install/tex/generic/pgf/basiclayer/pgfcorepoin
ts.code.tex
File: pgfcorepoints.code.tex 2019/04/04 v3.1.2 (3.1.2)
\pgf@picminx=\dimen139
\pgf@picmaxx=\dimen140
\pgf@picminy=\dimen141
\pgf@picmaxy=\dimen142
\pgf@pathminx=\dimen143
\pgf@pathmaxx=\dimen144
\pgf@pathminy=\dimen145
\pgf@pathmaxy=\dimen146
\pgf@xx=\dimen147
\pgf@xy=\dimen148
\pgf@yx=\dimen149
\pgf@yy=\dimen150
\pgf@zx=\dimen151
\pgf@zy=\dimen152
)
(/home/kidyan0000/.miktex/texmfs/install/tex/generic/pgf/basiclayer/pgfcorepath
construct.code.tex
File: pgfcorepathconstruct.code.tex 2019/04/04 v3.1.2 (3.1.2)
\pgf@path@lastx=\dimen153
\pgf@path@lasty=\dimen154
)
(/home/kidyan0000/.miktex/texmfs/install/tex/generic/pgf/basiclayer/pgfcorepath
usage.code.tex
File: pgfcorepathusage.code.tex 2019/04/04 v3.1.2 (3.1.2)
\pgf@shorten@end@additional=\dimen155
\pgf@shorten@start@additional=\dimen156
)
(/home/kidyan0000/.miktex/texmfs/install/tex/generic/pgf/basiclayer/pgfcorescop
es.code.tex
File: pgfcorescopes.code.tex 2019/04/04 v3.1.2 (3.1.2)
\pgfpic=\box37
\pgf@hbox=\box38
\pgf@layerbox@main=\box39
\pgf@picture@serial@count=\count117
)
(/home/kidyan0000/.miktex/texmfs/install/tex/generic/pgf/basiclayer/pgfcoregrap
hicstate.code.tex
File: pgfcoregraphicstate.code.tex 2019/04/04 v3.1.2 (3.1.2)
\pgflinewidth=\dimen157
)
(/home/kidyan0000/.miktex/texmfs/install/tex/generic/pgf/basiclayer/pgfcoretran
sformations.code.tex
File: pgfcoretransformations.code.tex 2019/04/04 v3.1.2 (3.1.2)
\pgf@pt@x=\dimen158
\pgf@pt@y=\dimen159
\pgf@pt@temp=\dimen160
)
(/home/kidyan0000/.miktex/texmfs/install/tex/generic/pgf/basiclayer/pgfcorequic
k.code.tex
File: pgfcorequick.code.tex 2019/04/04 v3.1.2 (3.1.2)
)
(/home/kidyan0000/.miktex/texmfs/install/tex/generic/pgf/basiclayer/pgfcoreobje
cts.code.tex
File: pgfcoreobjects.code.tex 2019/04/04 v3.1.2 (3.1.2)
)
(/home/kidyan0000/.miktex/texmfs/install/tex/generic/pgf/basiclayer/pgfcorepath
processing.code.tex
File: pgfcorepathprocessing.code.tex 2019/04/04 v3.1.2 (3.1.2)
)
(/home/kidyan0000/.miktex/texmfs/install/tex/generic/pgf/basiclayer/pgfcorearro
ws.code.tex
File: pgfcorearrows.code.tex 2019/04/04 v3.1.2 (3.1.2)
\pgfarrowsep=\dimen161
)
(/home/kidyan0000/.miktex/texmfs/install/tex/generic/pgf/basiclayer/pgfcoreshad
e.code.tex
File: pgfcoreshade.code.tex 2019/04/04 v3.1.2 (3.1.2)
\pgf@max=\dimen162
\pgf@sys@shading@range@num=\count118
\pgf@shadingcount=\count119
)
(/home/kidyan0000/.miktex/texmfs/install/tex/generic/pgf/basiclayer/pgfcoreimag
e.code.tex
File: pgfcoreimage.code.tex 2019/04/04 v3.1.2 (3.1.2)

(/home/kidyan0000/.miktex/texmfs/install/tex/generic/pgf/basiclayer/pgfcoreexte
rnal.code.tex
File: pgfcoreexternal.code.tex 2019/04/04 v3.1.2 (3.1.2)
\pgfexternal@startupbox=\box40
))
(/home/kidyan0000/.miktex/texmfs/install/tex/generic/pgf/basiclayer/pgfcorelaye
rs.code.tex
File: pgfcorelayers.code.tex 2019/04/04 v3.1.2 (3.1.2)
)
(/home/kidyan0000/.miktex/texmfs/install/tex/generic/pgf/basiclayer/pgfcoretran
sparency.code.tex
File: pgfcoretransparency.code.tex 2019/04/04 v3.1.2 (3.1.2)
)
(/home/kidyan0000/.miktex/texmfs/install/tex/generic/pgf/basiclayer/pgfcorepatt
erns.code.tex
File: pgfcorepatterns.code.tex 2019/04/04 v3.1.2 (3.1.2)
)
(/home/kidyan0000/.miktex/texmfs/install/tex/generic/pgf/basiclayer/pgfcorerdf.
code.tex
File: pgfcorerdf.code.tex 2019/04/04 v3.1.2 (3.1.2)
)))
(/home/kidyan0000/.miktex/texmfs/install/tex/latex/pgf/utilities/xxcolor.sty
Package: xxcolor 2003/10/24 ver 0.1
\XC@nummixins=\count120
\XC@countmixins=\count121
)
(/home/kidyan0000/.miktex/texmfs/install/tex/generic/oberdiek/atbegshi.sty
Package: atbegshi 2016/06/09 v1.18 At begin shipout hook (HO)

(/home/kidyan0000/.miktex/texmfs/install/tex/generic/oberdiek/infwarerr.sty
Package: infwarerr 2016/05/16 v1.4 Providing info/warning/error messages (HO)
)
(/home/kidyan0000/.miktex/texmfs/install/tex/generic/oberdiek/ltxcmds.sty
Package: ltxcmds 2016/05/16 v1.23 LaTeX kernel commands for general use (HO)
))
(/home/kidyan0000/.miktex/texmfs/install/tex/latex/hyperref/hyperref.sty
Package: hyperref 2018/11/30 v6.88e Hypertext links for LaTeX

(/home/kidyan0000/.miktex/texmfs/install/tex/generic/oberdiek/hobsub-hyperref.s
ty
Package: hobsub-hyperref 2016/05/16 v1.14 Bundle oberdiek, subset hyperref (HO)


(/home/kidyan0000/.miktex/texmfs/install/tex/generic/oberdiek/hobsub-generic.st
y
Package: hobsub-generic 2016/05/16 v1.14 Bundle oberdiek, subset generic (HO)
Package: hobsub 2016/05/16 v1.14 Construct package bundles (HO)
Package hobsub Info: Skipping package `infwarerr' (already loaded).
Package hobsub Info: Skipping package `ltxcmds' (already loaded).
Package: ifluatex 2016/05/16 v1.4 Provides the ifluatex switch (HO)
Package ifluatex Info: LuaTeX not detected.
Package hobsub Info: Skipping package `ifvtex' (already loaded).
Package: intcalc 2016/05/16 v1.2 Expandable calculations with integers (HO)
Package hobsub Info: Skipping package `ifpdf' (already loaded).
Package: etexcmds 2016/05/16 v1.6 Avoid name clashes with e-TeX commands (HO)
Package: kvsetkeys 2016/05/16 v1.17 Key value parser (HO)
Package: kvdefinekeys 2016/05/16 v1.4 Define keys (HO)
Package: pdftexcmds 2018/09/10 v0.29 Utility functions of pdfTeX for LuaTeX (HO
)
Package pdftexcmds Info: LuaTeX not detected.
Package pdftexcmds Info: \pdf@primitive is available.
Package pdftexcmds Info: \pdf@ifprimitive is available.
Package pdftexcmds Info: \pdfdraftmode found.
Package: pdfescape 2016/05/16 v1.14 Implements pdfTeX's escape features (HO)
Package: bigintcalc 2016/05/16 v1.4 Expandable calculations on big integers (HO
)
Package: bitset 2016/05/16 v1.2 Handle bit-vector datatype (HO)
Package: uniquecounter 2016/05/16 v1.3 Provide unlimited unique counter (HO)
)
Package hobsub Info: Skipping package `hobsub' (already loaded).
Package: letltxmacro 2016/05/16 v1.5 Let assignment for LaTeX macros (HO)
Package: hopatch 2016/05/16 v1.3 Wrapper for package hooks (HO)
Package: xcolor-patch 2016/05/16 xcolor patch
Package: atveryend 2016/05/16 v1.9 Hooks at the very end of document (HO)
Package hobsub Info: Skipping package `atbegshi' (already loaded).
Package: refcount 2016/05/16 v3.5 Data extraction from label references (HO)
Package: hycolor 2016/05/16 v1.8 Color options for hyperref/bookmark (HO)
) (/home/kidyan0000/.miktex/texmfs/install/tex/latex/oberdiek/auxhook.sty
Package: auxhook 2016/05/16 v1.4 Hooks for auxiliary files (HO)
)
(/home/kidyan0000/.miktex/texmfs/install/tex/latex/oberdiek/kvoptions.sty
Package: kvoptions 2016/05/16 v3.12 Key value format for package options (HO)
)
\@linkdim=\dimen163
\Hy@linkcounter=\count122
\Hy@pagecounter=\count123

(/home/kidyan0000/.miktex/texmfs/install/tex/latex/hyperref/pd1enc.def
File: pd1enc.def 2018/11/30 v6.88e Hyperref: PDFDocEncoding definition (HO)
Now handling font encoding PD1 ...
... no UTF-8 mapping file for font encoding PD1
)
\Hy@SavedSpaceFactor=\count124

(/home/kidyan0000/.miktex/texmfs/install/tex/latex/00miktex/hyperref.cfg
File: hyperref.cfg 2002/06/06 v1.2 hyperref configuration of TeXLive
)
Package hyperref Info: Option `bookmarks' set `true' on input line 4393.
Package hyperref Info: Option `bookmarksopen' set `true' on input line 4393.
Package hyperref Info: Option `implicit' set `false' on input line 4393.
Package hyperref Info: Hyper figures OFF on input line 4519.
Package hyperref Info: Link nesting OFF on input line 4524.
Package hyperref Info: Hyper index ON on input line 4527.
Package hyperref Info: Plain pages OFF on input line 4534.
Package hyperref Info: Backreferencing OFF on input line 4539.
Package hyperref Info: Implicit mode OFF; no redefinition of LaTeX internals.
Package hyperref Info: Bookmarks ON on input line 4772.
\c@Hy@tempcnt=\count125

(/home/kidyan0000/.miktex/texmfs/install/tex/latex/url/url.sty
\Urlmuskip=\muskip10
Package: url 2013/09/16  ver 3.4  Verb mode for urls, etc.
)
LaTeX Info: Redefining \url on input line 5125.
\XeTeXLinkMargin=\dimen164
\Fld@menulength=\count126
\Field@Width=\dimen165
\Fld@charsize=\dimen166
Package hyperref Info: Hyper figures OFF on input line 6380.
Package hyperref Info: Link nesting OFF on input line 6385.
Package hyperref Info: Hyper index ON on input line 6388.
Package hyperref Info: backreferencing OFF on input line 6395.
Package hyperref Info: Link coloring OFF on input line 6400.
Package hyperref Info: Link coloring with OCG OFF on input line 6405.
Package hyperref Info: PDF/A mode OFF on input line 6410.
LaTeX Info: Redefining \ref on input line 6450.
LaTeX Info: Redefining \pageref on input line 6454.
\Hy@abspage=\count127


Package hyperref Message: Stopped early.

)
Package hyperref Info: Driver (autodetected): hpdftex.
 (/home/kidyan0000/.miktex/texmfs/install/tex/latex/hyperref/hpdftex.def
File: hpdftex.def 2018/11/30 v6.88e Hyperref driver for pdfTeX
\Fld@listcount=\count128
\c@bookmark@seq@number=\count129

(/home/kidyan0000/.miktex/texmfs/install/tex/latex/oberdiek/rerunfilecheck.sty
Package: rerunfilecheck 2016/05/16 v1.8 Rerun checks for auxiliary files (HO)
Package uniquecounter Info: New unique counter `rerunfilecheck' on input line 2
82.
))
(/home/kidyan0000/.miktex/texmfs/install/tex/latex/beamer/beamerbaserequires.st
y
(/home/kidyan0000/.miktex/texmfs/install/tex/latex/beamer/beamerbasecompatibili
ty.sty)
(/home/kidyan0000/.miktex/texmfs/install/tex/latex/beamer/beamerbasefont.sty
(/home/kidyan0000/.miktex/texmfs/install/tex/latex/amsfonts/amssymb.sty
Package: amssymb 2013/01/14 v3.01 AMS font symbols

(/home/kidyan0000/.miktex/texmfs/install/tex/latex/amsfonts/amsfonts.sty
Package: amsfonts 2013/01/14 v3.01 Basic AMSFonts support
\@emptytoks=\toks26
\symAMSa=\mathgroup4
\symAMSb=\mathgroup5
LaTeX Font Info:    Overwriting math alphabet `\mathfrak' in version `bold'
(Font)                  U/euf/m/n --> U/euf/b/n on input line 106.
))
(/home/kidyan0000/.miktex/texmfs/install/tex/latex/sansmathaccent/sansmathaccen
t.sty
Package: sansmathaccent 2013/03/28
 (/home/kidyan0000/.miktex/texmfs/install/tex/latex/filehook/filehook.sty
Package: filehook 2011/10/12 v0.5d Hooks for input files
)))
(/home/kidyan0000/.miktex/texmfs/install/tex/latex/beamer/beamerbasetranslator.
sty
(/home/kidyan0000/.miktex/texmfs/install/tex/latex/translator/translator.sty
Package: translator 2018/01/04 v1.12 Easy translation of strings in LaTeX
))
(/home/kidyan0000/.miktex/texmfs/install/tex/latex/beamer/beamerbasemisc.sty)
(/home/kidyan0000/.miktex/texmfs/install/tex/latex/beamer/beamerbasetwoscreens.
sty)
(/home/kidyan0000/.miktex/texmfs/install/tex/latex/beamer/beamerbaseoverlay.sty
\beamer@argscount=\count130
\beamer@lastskipcover=\skip44
\beamer@trivlistdepth=\count131
) (/home/kidyan0000/.miktex/texmfs/install/tex/latex/beamer/beamerbasetitle.sty
)
(/home/kidyan0000/.miktex/texmfs/install/tex/latex/beamer/beamerbasesection.sty
\c@lecture=\count132
\c@part=\count133
\c@section=\count134
\c@subsection=\count135
\c@subsubsection=\count136
) (/home/kidyan0000/.miktex/texmfs/install/tex/latex/beamer/beamerbaseframe.sty
\beamer@framebox=\box41
\beamer@frametitlebox=\box42
\beamer@zoombox=\box43
\beamer@zoomcount=\count137
\beamer@zoomframecount=\count138
\beamer@frametextheight=\dimen167
\c@subsectionslide=\count139
\beamer@frametopskip=\skip45
\beamer@framebottomskip=\skip46
\beamer@frametopskipautobreak=\skip47
\beamer@framebottomskipautobreak=\skip48
\beamer@envbody=\toks27
\framewidth=\dimen168
\c@framenumber=\count140
)
(/home/kidyan0000/.miktex/texmfs/install/tex/latex/beamer/beamerbaseverbatim.st
y
\beamer@verbatimfileout=\write4
)
(/home/kidyan0000/.miktex/texmfs/install/tex/latex/beamer/beamerbaseframesize.s
ty
\beamer@splitbox=\box44
\beamer@autobreakcount=\count141
\beamer@autobreaklastheight=\dimen169
\beamer@frametitletoks=\toks28
\beamer@framesubtitletoks=\toks29
)
(/home/kidyan0000/.miktex/texmfs/install/tex/latex/beamer/beamerbaseframecompon
ents.sty
\beamer@footins=\box45
)
(/home/kidyan0000/.miktex/texmfs/install/tex/latex/beamer/beamerbasecolor.sty)
(/home/kidyan0000/.miktex/texmfs/install/tex/latex/beamer/beamerbasenotes.sty
\beamer@frameboxcopy=\box46
)
(/home/kidyan0000/.miktex/texmfs/install/tex/latex/beamer/beamerbasetoc.sty)
(/home/kidyan0000/.miktex/texmfs/install/tex/latex/beamer/beamerbasetemplates.s
ty
\beamer@sbttoks=\toks30

(/home/kidyan0000/.miktex/texmfs/install/tex/latex/beamer/beamerbaseauxtemplate
s.sty
(/home/kidyan0000/.miktex/texmfs/install/tex/latex/beamer/beamerbaseboxes.sty
\bmb@box=\box47
\bmb@colorbox=\box48
\bmb@boxshadow=\box49
\bmb@boxshadowball=\box50
\bmb@boxshadowballlarge=\box51
\bmb@temp=\dimen170
\bmb@dima=\dimen171
\bmb@dimb=\dimen172
\bmb@prevheight=\dimen173
)
\beamer@blockheadheight=\dimen174
))
(/home/kidyan0000/.miktex/texmfs/install/tex/latex/beamer/beamerbaselocalstruct
ure.sty (/home/kidyan0000/.miktex/texmfs/install/tex/latex/tools/enumerate.sty
Package: enumerate 2015/07/23 v3.00 enumerate extensions (DPC)
\@enLab=\toks31
)
\c@figure=\count142
\c@table=\count143
\abovecaptionskip=\skip49
\belowcaptionskip=\skip50
)
(/home/kidyan0000/.miktex/texmfs/install/tex/latex/beamer/beamerbasenavigation.
sty
\beamer@section@min@dim=\dimen175
)
(/home/kidyan0000/.miktex/texmfs/install/tex/latex/beamer/beamerbasetheorems.st
y (/home/kidyan0000/.miktex/texmfs/install/tex/latex/amsmath/amsmath.sty
Package: amsmath 2018/12/01 v2.17b AMS math features
\@mathmargin=\skip51

For additional information on amsmath, use the `?' option.
(/home/kidyan0000/.miktex/texmfs/install/tex/latex/amsmath/amstext.sty
Package: amstext 2000/06/29 v2.01 AMS text

(/home/kidyan0000/.miktex/texmfs/install/tex/latex/amsmath/amsgen.sty
File: amsgen.sty 1999/11/30 v2.0 generic functions
\@emptytoks=\toks32
\ex@=\dimen176
))
(/home/kidyan0000/.miktex/texmfs/install/tex/latex/amsmath/amsbsy.sty
Package: amsbsy 1999/11/29 v1.2d Bold Symbols
\pmbraise@=\dimen177
)
(/home/kidyan0000/.miktex/texmfs/install/tex/latex/amsmath/amsopn.sty
Package: amsopn 2016/03/08 v2.02 operator names
)
\inf@bad=\count144
LaTeX Info: Redefining \frac on input line 223.
\uproot@=\count145
\leftroot@=\count146
LaTeX Info: Redefining \overline on input line 385.
\classnum@=\count147
\DOTSCASE@=\count148
LaTeX Info: Redefining \ldots on input line 482.
LaTeX Info: Redefining \dots on input line 485.
LaTeX Info: Redefining \cdots on input line 606.
\Mathstrutbox@=\box52
\strutbox@=\box53
\big@size=\dimen178
LaTeX Font Info:    Redeclaring font encoding OML on input line 729.
LaTeX Font Info:    Redeclaring font encoding OMS on input line 730.
\macc@depth=\count149
\c@MaxMatrixCols=\count150
\dotsspace@=\muskip11
\c@parentequation=\count151
\dspbrk@lvl=\count152
\tag@help=\toks33
\row@=\count153
\column@=\count154
\maxfields@=\count155
\andhelp@=\toks34
\eqnshift@=\dimen179
\alignsep@=\dimen180
\tagshift@=\dimen181
\tagwidth@=\dimen182
\totwidth@=\dimen183
\lineht@=\dimen184
\@envbody=\toks35
\multlinegap=\skip52
\multlinetaggap=\skip53
\mathdisplay@stack=\toks36
LaTeX Info: Redefining \[ on input line 2844.
LaTeX Info: Redefining \] on input line 2845.
)
(/home/kidyan0000/.miktex/texmfs/install/tex/latex/amscls/amsthm.sty
Package: amsthm 2017/10/31 v2.20.4
\thm@style=\toks37
\thm@bodyfont=\toks38
\thm@headfont=\toks39
\thm@notefont=\toks40
\thm@headpunct=\toks41
\thm@preskip=\skip54
\thm@postskip=\skip55
\thm@headsep=\skip56
\dth@everypar=\toks42
)
\c@theorem=\count156
)
(/home/kidyan0000/.miktex/texmfs/install/tex/latex/beamer/beamerbasethemes.sty)
)
(/home/kidyan0000/.miktex/texmfs/install/tex/latex/beamer/beamerthemedefault.st
y
(/home/kidyan0000/.miktex/texmfs/install/tex/latex/beamer/beamerfontthemedefaul
t.sty)
(/home/kidyan0000/.miktex/texmfs/install/tex/latex/beamer/beamercolorthemedefau
lt.sty)
(/home/kidyan0000/.miktex/texmfs/install/tex/latex/beamer/beamerinnerthemedefau
lt.sty
\beamer@dima=\dimen185
\beamer@dimb=\dimen186
)
(/home/kidyan0000/.miktex/texmfs/install/tex/latex/beamer/beamerouterthemedefau
lt.sty)))
(/home/kidyan0000/.miktex/texmfs/install/tex/latex/beamer/beamerthemeMadrid.sty

(/home/kidyan0000/.miktex/texmfs/install/tex/latex/beamer/beamercolorthemewhale
.sty)
(/home/kidyan0000/.miktex/texmfs/install/tex/latex/beamer/beamercolorthemeorchi
d.sty)
(/home/kidyan0000/.miktex/texmfs/install/tex/latex/beamer/beamerinnerthemeround
ed.sty)
(/home/kidyan0000/.miktex/texmfs/install/tex/latex/beamer/beamerouterthemeinfol
ines.sty))
(/home/kidyan0000/.miktex/texmfs/install/tex/latex/booktabs/booktabs.sty
Package: booktabs 2005/04/14 v1.61803 publication quality tables
\heavyrulewidth=\dimen187
\lightrulewidth=\dimen188
\cmidrulewidth=\dimen189
\belowrulesep=\dimen190
\belowbottomsep=\dimen191
\aboverulesep=\dimen192
\abovetopsep=\dimen193
\cmidrulesep=\dimen194
\cmidrulekern=\dimen195
\defaultaddspace=\dimen196
\@cmidla=\count157
\@cmidlb=\count158
\@aboverulesep=\dimen197
\@belowrulesep=\dimen198
\@thisruleclass=\count159
\@lastruleclass=\count160
\@thisrulewidth=\dimen199
)
\sympureletters=\mathgroup6
LaTeX Font Info:    Overwriting symbol font `pureletters' in version `bold'
(Font)                  OT1/mathkerncmss/m/sl --> OT1/mathkerncmss/bx/sl on inp
ut line 83.

(/home/kidyan0000/.miktex/texmfs/install/tex/latex/tools/bm.sty
Package: bm 2017/01/16 v1.2c Bold Symbol Support (DPC/FMi)
\symboldoperators=\mathgroup7
\symboldletters=\mathgroup8
\symboldsymbols=\mathgroup9
\symboldpureletters=\mathgroup10
LaTeX Font Info:    Redeclaring math alphabet \mathbf on input line 141.
LaTeX Info: Redefining \bm on input line 207.
) (log.aux)
\openout1 = `log.aux'.

LaTeX Font Info:    Checking defaults for OML/cmm/m/it on input line 101.
LaTeX Font Info:    ... okay on input line 101.
LaTeX Font Info:    Checking defaults for T1/cmr/m/n on input line 101.
LaTeX Font Info:    ... okay on input line 101.
LaTeX Font Info:    Checking defaults for OT1/cmr/m/n on input line 101.
LaTeX Font Info:    ... okay on input line 101.
LaTeX Font Info:    Checking defaults for OMS/cmsy/m/n on input line 101.
LaTeX Font Info:    ... okay on input line 101.
LaTeX Font Info:    Checking defaults for OMX/cmex/m/n on input line 101.
LaTeX Font Info:    ... okay on input line 101.
LaTeX Font Info:    Checking defaults for U/cmr/m/n on input line 101.
LaTeX Font Info:    ... okay on input line 101.
LaTeX Font Info:    Checking defaults for PD1/pdf/m/n on input line 101.
LaTeX Font Info:    ... okay on input line 101.

*geometry* driver: auto-detecting
*geometry* detected driver: pdftex
*geometry* verbose mode - [ preamble ] result:
* driver: pdftex
* paper: custom
* layout: <same size as paper>
* layoutoffset:(h,v)=(0.0pt,0.0pt)
* modes: includehead includefoot 
* h-part:(L,W,R)=(10.95003pt, 342.2953pt, 10.95003pt)
* v-part:(T,H,B)=(0.0pt, 273.14662pt, 0.0pt)
* \paperwidth=364.19536pt
* \paperheight=273.14662pt
* \textwidth=342.2953pt
* \textheight=244.6939pt
* \oddsidemargin=-61.31996pt
* \evensidemargin=-61.31996pt
* \topmargin=-72.26999pt
* \headheight=14.22636pt
* \headsep=0.0pt
* \topskip=11.0pt
* \footskip=14.22636pt
* \marginparwidth=4.0pt
* \marginparsep=10.0pt
* \columnsep=10.0pt
* \skip\footins=10.0pt plus 4.0pt minus 2.0pt
* \hoffset=0.0pt
* \voffset=0.0pt
* \mag=1000
* \@twocolumnfalse
* \@twosidefalse
* \@mparswitchfalse
* \@reversemarginfalse
* (1in=72.27pt=25.4mm, 1cm=28.453pt)

(/home/kidyan0000/.miktex/texmfs/install/tex/context/base/mkii/supp-pdf.mkii
[Loading MPS to PDF converter (version 2006.09.02).]
\scratchcounter=\count161
\scratchdimen=\dimen256
\scratchbox=\box54
\nofMPsegments=\count162
\nofMParguments=\count163
\everyMPshowfont=\toks43
\MPscratchCnt=\count164
\MPscratchDim=\dimen257
\MPnumerator=\count165
\makeMPintoPDFobject=\count166
\everyMPtoPDFconversion=\toks44
) (/home/kidyan0000/.miktex/texmfs/install/tex/latex/oberdiek/epstopdf-base.sty
Package: epstopdf-base 2016/05/15 v2.6 Base part for package epstopdf
(/home/kidyan0000/.miktex/texmfs/install/tex/latex/oberdiek/grfext.sty
Package: grfext 2016/05/16 v1.2 Manage graphics extensions (HO)
)
Package epstopdf-base Info: Redefining graphics rule for `.eps' on input line 4
38.
Package grfext Info: Graphics extension search list:
(grfext)             [.pdf,.png,.jpg,.mps,.jpeg,.jbig2,.jb2,.PDF,.PNG,.JPG,.JPE
G,.JBIG2,.JB2,.eps]
(grfext)             \AppendGraphicsExtensions on input line 456.
)
ABD: EveryShipout initializing macros
\AtBeginShipoutBox=\box55
Package hyperref Info: Link coloring OFF on input line 101.

(/home/kidyan0000/.miktex/texmfs/install/tex/latex/hyperref/nameref.sty
Package: nameref 2016/05/21 v2.44 Cross-referencing by name of section

(/home/kidyan0000/.miktex/texmfs/install/tex/generic/oberdiek/gettitlestring.st
y
Package: gettitlestring 2016/05/16 v1.5 Cleanup title references (HO)
)
\c@section@level=\count167
)
LaTeX Info: Redefining \ref on input line 101.
LaTeX Info: Redefining \pageref on input line 101.
LaTeX Info: Redefining \nameref on input line 101.
 (log.out) (log.out)
\@outlinefile=\write5
\openout5 = `log.out'.

LaTeX Font Info:    Overwriting symbol font `operators' in version `normal'
(Font)                  OT1/cmr/m/n --> OT1/cmss/m/n on input line 101.
LaTeX Font Info:    Overwriting symbol font `operators' in version `bold'
(Font)                  OT1/cmr/bx/n --> OT1/cmss/bx/n on input line 101.
\symnumbers=\mathgroup11
LaTeX Font Info:    Redeclaring symbol font `pureletters' on input line 101.
LaTeX Font Info:    Overwriting symbol font `pureletters' in version `normal'
(Font)                  OT1/mathkerncmss/m/sl --> OT1/cmss/m/it on input line 1
01.
LaTeX Font Info:    Overwriting symbol font `pureletters' in version `bold'
(Font)                  OT1/mathkerncmss/bx/sl --> OT1/cmss/m/it on input line 
101.
LaTeX Font Info:    Overwriting math alphabet `\mathrm' in version `normal'
(Font)                  OT1/cmss/m/n --> OT1/cmr/m/n on input line 101.
LaTeX Font Info:    Redeclaring math alphabet \mathbf on input line 101.
LaTeX Font Info:    Redeclaring math alphabet \mathsf on input line 101.
LaTeX Font Info:    Overwriting math alphabet `\mathsf' in version `normal'
(Font)                  OT1/cmss/m/n --> OT1/cmss/m/n on input line 101.
LaTeX Font Info:    Overwriting math alphabet `\mathsf' in version `bold'
(Font)                  OT1/cmss/bx/n --> OT1/cmss/m/n on input line 101.
LaTeX Font Info:    Redeclaring math alphabet \mathit on input line 101.
LaTeX Font Info:    Overwriting math alphabet `\mathit' in version `normal'
(Font)                  OT1/cmr/m/it --> OT1/cmss/m/it on input line 101.
LaTeX Font Info:    Overwriting math alphabet `\mathit' in version `bold'
(Font)                  OT1/cmr/bx/it --> OT1/cmss/m/it on input line 101.
LaTeX Font Info:    Redeclaring math alphabet \mathtt on input line 101.
LaTeX Font Info:    Overwriting math alphabet `\mathtt' in version `normal'
(Font)                  OT1/cmtt/m/n --> OT1/cmtt/m/n on input line 101.
LaTeX Font Info:    Overwriting math alphabet `\mathtt' in version `bold'
(Font)                  OT1/cmtt/m/n --> OT1/cmtt/m/n on input line 101.
LaTeX Font Info:    Overwriting symbol font `numbers' in version `bold'
(Font)                  OT1/cmss/m/n --> OT1/cmss/bx/n on input line 101.
LaTeX Font Info:    Overwriting symbol font `pureletters' in version `bold'
(Font)                  OT1/cmss/m/it --> OT1/cmss/bx/it on input line 101.
LaTeX Font Info:    Overwriting math alphabet `\mathrm' in version `bold'
(Font)                  OT1/cmss/bx/n --> OT1/cmr/bx/n on input line 101.
LaTeX Font Info:    Overwriting math alphabet `\mathbf' in version `bold'
(Font)                  OT1/cmss/bx/n --> OT1/cmss/bx/n on input line 101.
LaTeX Font Info:    Overwriting math alphabet `\mathsf' in version `bold'
(Font)                  OT1/cmss/m/n --> OT1/cmss/bx/n on input line 101.
LaTeX Font Info:    Overwriting math alphabet `\mathit' in version `bold'
(Font)                  OT1/cmss/m/it --> OT1/cmss/bx/it on input line 101.
LaTeX Font Info:    Overwriting math alphabet `\mathtt' in version `bold'
(Font)                  OT1/cmtt/m/n --> OT1/cmtt/bx/n on input line 101.
LaTeX Font Info:    Redeclaring symbol font `pureletters' on input line 101.
LaTeX Font Info:    Overwriting symbol font `pureletters' in version `normal'
(Font)                  OT1/cmss/m/it --> OT1/mathkerncmss/m/sl on input line 1
01.
LaTeX Font Info:    Overwriting symbol font `pureletters' in version `bold'
(Font)                  OT1/cmss/bx/it --> OT1/mathkerncmss/m/sl on input line 
101.
LaTeX Font Info:    Overwriting symbol font `pureletters' in version `bold'
(Font)                  OT1/mathkerncmss/m/sl --> OT1/mathkerncmss/bx/sl on inp
ut line 101.

(/home/kidyan0000/.miktex/texmfs/install/tex/latex/translator/translator-basic-
dictionary-English.dict
Dictionary: translator-basic-dictionary, Language: English 
)
(/home/kidyan0000/.miktex/texmfs/install/tex/latex/translator/translator-biblio
graphy-dictionary-English.dict
Dictionary: translator-bibliography-dictionary, Language: English 
)
(/home/kidyan0000/.miktex/texmfs/install/tex/latex/translator/translator-enviro
nment-dictionary-English.dict
Dictionary: translator-environment-dictionary, Language: English 
)
(/home/kidyan0000/.miktex/texmfs/install/tex/latex/translator/translator-months
-dictionary-English.dict
Dictionary: translator-months-dictionary, Language: English 
)
(/home/kidyan0000/.miktex/texmfs/install/tex/latex/translator/translator-number
s-dictionary-English.dict
Dictionary: translator-numbers-dictionary, Language: English 
)
(/home/kidyan0000/.miktex/texmfs/install/tex/latex/translator/translator-theore
m-dictionary-English.dict
Dictionary: translator-theorem-dictionary, Language: English 
) (log.nav) [1

{/home/kidyan0000/.miktex/texmfs/data/pdftex/config/pdftex.map}]
LaTeX Font Info:    Try loading font information for U+msa on input line 135.

(/home/kidyan0000/.miktex/texmfs/install/tex/latex/amsfonts/umsa.fd
File: umsa.fd 2013/01/14 v3.01 AMS symbols A
)
LaTeX Font Info:    Try loading font information for U+msb on input line 135.

(/home/kidyan0000/.miktex/texmfs/install/tex/latex/amsfonts/umsb.fd
File: umsb.fd 2013/01/14 v3.01 AMS symbols B
)
LaTeX Font Info:    Try loading font information for OT1+mathkerncmss on input 
line 135.

(/home/kidyan0000/.miktex/texmfs/install/tex/latex/sansmathaccent/ot1mathkerncm
ss.fd
File: ot1mathkerncmss.fd 2013/03/27 Fontinst v1.933 font definitions for OT1/ma
thkerncmss.
) [2

] [3

]
Overfull \hbox (15.98686pt too wide) detected at line 164
[]
 []


Overfull \vbox (2.0067pt too high) detected at line 164
 []

[4

] [5

] [6

] [7

]
<image//Singular_Value_Decomposition_svd.png, id=259, 331.2375pt x 301.125pt>
File: image//Singular_Value_Decomposition_svd.png Graphic file (type png)
<use image//Singular_Value_Decomposition_svd.png>
Package pdftex.def Info: image//Singular_Value_Decomposition_svd.png  used on i
nput line 238.
(pdftex.def)             Requested size: 171.14764pt x 155.58882pt.
 [8

 <./image//Singular_Value_Decomposition_svd.png>] [9

]

LaTeX Warning: Citation `schonemann1966generalized' on page 10 undefined on inp
ut line 275.


LaTeX Warning: Citation `zhang2000flexible' on page 10 undefined on input line 
275.


LaTeX Warning: Reference `eq:deformation_gradient' on page 10 undefined on inpu
t line 275.

[10

]
<image//Procrustes_superimposition.png, id=358, 308.352pt x 240.6591pt>
File: image//Procrustes_superimposition.png Graphic file (type png)
<use image//Procrustes_superimposition.png>
Package pdftex.def Info: image//Procrustes_superimposition.png  used on input l
ine 286.
(pdftex.def)             Requested size: 171.14764pt x 133.57838pt.
 [11

 <./image//Procrustes_superimposition.png>] [12

]

LaTeX Warning: Citation `liu2002continuum' on page 13 undefined on input line 3
33.

[13

]

LaTeX Warning: Citation `haupt2013continuum' on page 14 undefined on input line
 350.

[14

] [15

] [16

] [17

] [18

] [19

] [20

] [21

]
<image//colormap_error.png, id=654, 3854.4pt x 1084.05pt>
File: image//colormap_error.png Graphic file (type png)
<use image//colormap_error.png>
Package pdftex.def Info: image//colormap_error.png  used on input line 464.
(pdftex.def)             Requested size: 171.14764pt x 48.13503pt.
 [22

 <./image//colormap_error.png>]
[23

] [24

] [25

]
<image//Muti_pass.png, id=766, 2890.8pt x 813.0375pt>
File: image//Muti_pass.png Graphic file (type png)
<use image//Muti_pass.png>
Package pdftex.def Info: image//Muti_pass.png  used on input line 515.
(pdftex.def)             Requested size: 171.14764pt x 48.13503pt.
<image//transition_cost_function.PNG, id=767, 580.41844pt x 164.86594pt>
File: image//transition_cost_function.PNG Graphic file (type png)
<use image//transition_cost_function.PNG>
Package pdftex.def Info: image//transition_cost_function.PNG  used on input lin
e 515.
(pdftex.def)             Requested size: 171.14764pt x 48.61238pt.
 [26

 <./image//Muti_pass.png> <./image//transition_cost_function.PNG>]
<image//compare.png, id=796, 1927.2pt x 1084.05pt>
File: image//compare.png Graphic file (type png)
<use image//compare.png>
Package pdftex.def Info: image//compare.png  used on input line 522.
(pdftex.def)             Requested size: 171.14764pt x 96.27007pt.
 [27

 <./image//compare.png>]
\tf@nav=\write6
\openout6 = `log.nav'.

\tf@toc=\write7
\openout7 = `log.toc'.

\tf@snm=\write8
\openout8 = `log.snm'.

Package atveryend Info: Empty hook `BeforeClearDocument' on input line 524.
Package atveryend Info: Empty hook `AfterLastShipout' on input line 524.
 (log.aux)
Package atveryend Info: Executing hook `AtVeryEndDocument' on input line 524.
Package atveryend Info: Executing hook `AtEndAfterFileList' on input line 524.
Package rerunfilecheck Info: File `log.out' has not changed.
(rerunfilecheck)             Checksum: D41D8CD98F00B204E9800998ECF8427E;0.


LaTeX Warning: There were undefined references.

 ) 
Here is how much of TeX's memory you used:
 17587 strings out of 494859
 339383 string characters out of 3177951
 409859 words of memory out of 3000000
 20759 multiletter control sequences out of 15000+200000
 22695 words of font info for 72 fonts, out of 3000000 for 9000
 0 hyphenation exceptions out of 8191
 56i,17n,59p,772b,865s stack positions out of 5000i,500n,10000p,200000b,50000s
pdfTeX warning (dest): name{eq:deformation_gradient} has been referenced but 
does not exist, replaced by a fixed one

 </home/kidyan0000/.miktex/texmfs/data/fonts/pk/ljfour/jknappen/ec/dpi657/ecso1
000.pk></home/kidyan0000/.miktex/texmfs/install/fonts/type1/public/amsfonts/cm/
cmex10.pfb></home/kidyan0000/.miktex/texmfs/install/fonts/type1/public/amsfonts
/cm/cmmi10.pfb></home/kidyan0000/.miktex/texmfs/install/fonts/type1/public/amsf
onts/cm/cmr10.pfb></home/kidyan0000/.miktex/texmfs/install/fonts/type1/public/a
msfonts/cm/cmss10.pfb></home/kidyan0000/.miktex/texmfs/install/fonts/type1/publ
ic/amsfonts/cm/cmss12.pfb></home/kidyan0000/.miktex/texmfs/install/fonts/type1/
public/amsfonts/cm/cmss8.pfb></home/kidyan0000/.miktex/texmfs/install/fonts/typ
e1/public/amsfonts/cm/cmssbx10.pfb></home/kidyan0000/.miktex/texmfs/install/fon
ts/type1/public/amsfonts/cm/cmssi10.pfb></home/kidyan0000/.miktex/texmfs/instal
l/fonts/type1/public/amsfonts/cm/cmssi12.pfb></home/kidyan0000/.miktex/texmfs/i
nstall/fonts/type1/public/amsfonts/cm/cmssi8.pfb></home/kidyan0000/.miktex/texm
fs/install/fonts/type1/public/amsfonts/cm/cmsy10.pfb></home/kidyan0000/.miktex/
texmfs/install/fonts/type1/public/amsfonts/cm/cmsy8.pfb></home/kidyan0000/.mikt
ex/texmfs/install/fonts/type1/public/amsfonts/cm/cmtt10.pfb>
Output written on log.pdf (27 pages, 7575118 bytes).
PDF statistics:
 885 PDF objects out of 1000 (max. 8388607)
 58 named destinations out of 1000 (max. 500000)
 265 words of extra memory for PDF output out of 10000 (max. 10000000)

